<?xml version="1.0" encoding="UTF-8"?><testsuite errors="4" failures="0" name="com.restapiexample.dummy.dummyrestapiInfo.DummyRestAPICURDTest" skipped="0" tests="12" time="12.19" timestamp="2022-06-21T20:22:00.917+01:00[Europe/London]"><testcase classname="com.restapiexample.dummy.dummyrestapiInfo.DummyRestAPICURDTest" name="This will create a new employee"/><testcase classname="com.restapiexample.dummy.dummyrestapiInfo.DummyRestAPICURDTest" name="This will Read an employee by ID"/><testcase classname="com.restapiexample.dummy.dummyrestapiInfo.DummyRestAPICURDTest" name="This will Update an employee by ID"><error message="io.restassured.path.xml.XmlPath cannot be cast to java.lang.String" type="java.lang.ClassCastException">io.restassured.path.xml.XmlPath cannot be cast to java.lang.String</error><system-err>io.restassured.path.xml.XmlPath cannot be cast to java.lang.String&#13;
com.restapiexample.dummy.dummyrestapiInfo.DummyRestAPICURDTest.test003(DummyRestAPICURDTest.java:68)&#13;
</system-err></testcase><testcase classname="com.restapiexample.dummy.dummyrestapiInfo.DummyRestAPICURDTest" name="This will Delete an employee by ID"/><testcase classname="com.restapiexample.dummy.dummyrestapiInfo.DummyRestAPICURDTest" name="1. Verify if total records are 24"/><testcase classname="com.restapiexample.dummy.dummyrestapiInfo.DummyRestAPICURDTest" name="2. Verify if 24th Data id is 24"/><testcase classname="com.restapiexample.dummy.dummyrestapiInfo.DummyRestAPICURDTest" name="3. Verify if 23rd employee name is Doris Wilder"/><testcase classname="com.restapiexample.dummy.dummyrestapiInfo.DummyRestAPICURDTest" name="4. Verify if message is Successfully! All records has been fetched"><error message="io.restassured.path.xml.XmlPath cannot be cast to java.lang.String" type="java.lang.ClassCastException">io.restassured.path.xml.XmlPath cannot be cast to java.lang.String</error><system-err>io.restassured.path.xml.XmlPath cannot be cast to java.lang.String&#13;
com.restapiexample.dummy.dummyrestapiInfo.DummyRestAPICURDTest.test008(DummyRestAPICURDTest.java:112)&#13;
</system-err></testcase><testcase classname="com.restapiexample.dummy.dummyrestapiInfo.DummyRestAPICURDTest" name="5. Verify if status is success"><error message="io.restassured.path.xml.XmlPath cannot be cast to java.lang.String" type="java.lang.ClassCastException">io.restassured.path.xml.XmlPath cannot be cast to java.lang.String</error><system-err>io.restassured.path.xml.XmlPath cannot be cast to java.lang.String&#13;
com.restapiexample.dummy.dummyrestapiInfo.DummyRestAPICURDTest.test009(DummyRestAPICURDTest.java:120)&#13;
</system-err></testcase><testcase classname="com.restapiexample.dummy.dummyrestapiInfo.DummyRestAPICURDTest" name="6. Verify 3rd id salary is 86000"/><testcase classname="com.restapiexample.dummy.dummyrestapiInfo.DummyRestAPICURDTest" name="7. Verify 6th id age is 61"><error message="io.restassured.path.xml.XmlPath cannot be cast to java.util.List" type="java.lang.ClassCastException">io.restassured.path.xml.XmlPath cannot be cast to java.util.List</error><system-err>io.restassured.path.xml.XmlPath cannot be cast to java.util.List&#13;
com.restapiexample.dummy.dummyrestapiInfo.DummyRestAPICURDTest.test011(DummyRestAPICURDTest.java:136)&#13;
</system-err></testcase><testcase classname="com.restapiexample.dummy.dummyrestapiInfo.DummyRestAPICURDTest" name="8. Verify 11th id name is Jena Gaines"/></testsuite>