<?xml version="1.0" encoding="UTF-8"?><testsuite errors="0" failures="0" name="As a user I would like to check CRUD operation of the application" skipped="0" tests="5" time="11.25" timestamp="2022-06-21T20:21:47.637+01:00[Europe/London]"><testcase name="I want to create a new employee"/><testcase name="I want to read a new employee"/><testcase name="I want to update a newly created employee"/><testcase name="I want to delete a newly created employee"/><testcase name="I want to fetch all employees and verify some from the response"/></testsuite>